<?xml version="1.0" encoding="UTF-8"?>
<!-- Generated by org.testng.reporters.JUnitReportReporter -->
<testsuite skipped="6" hostname="LAPTOP-JF6FU4R8" name="com.swagLabs.qa.testCases.LoginTest" tests="7" failures="0" timestamp="10 Jun 2021 13:02:36 GMT" time="14.166" errors="0">
  <testcase name="validateClosingIncorrectUsernamePwdCross" time="14.166" classname="com.swagLabs.qa.testCases.LoginTest"/>
  <testcase name="validateLoginSuccess" classname="com.swagLabs.qa.testCases.LoginTest">
    <skipped/>
  </testcase> <!-- validateLoginSuccess -->
  <testcase name="validateLoginFail" classname="com.swagLabs.qa.testCases.LoginTest">
    <skipped/>
  </testcase> <!-- validateLoginFail -->
  <testcase name="validateClosingLoginErrorMsg" classname="com.swagLabs.qa.testCases.LoginTest">
    <skipped/>
  </testcase> <!-- validateClosingLoginErrorMsg -->
  <testcase name="validateUrl" classname="com.swagLabs.qa.testCases.LoginTest">
    <skipped/>
  </testcase> <!-- validateUrl -->
  <testcase name="validateLoginButtonDisplayed" classname="com.swagLabs.qa.testCases.LoginTest">
    <skipped/>
  </testcase> <!-- validateLoginButtonDisplayed -->
  <testcase name="validateTitle" classname="com.swagLabs.qa.testCases.LoginTest">
    <skipped/>
  </testcase> <!-- validateTitle -->
</testsuite> <!-- com.swagLabs.qa.testCases.LoginTest -->
